<?xml version="1.0" encoding="UTF-8"?>
<testng-results skipped="0" failed="0" ignored="0" total="1" passed="1">
  <reporter-output>
  </reporter-output>
  <suite name="Suite" duration-ms="49195" started-at="2018-03-15T15:12:46Z" finished-at="2018-03-15T15:13:35Z">
    <groups>
    </groups>
    <test name="Test" duration-ms="49195" started-at="2018-03-15T15:12:46Z" finished-at="2018-03-15T15:13:35Z">
      <class name="Execution.Viewdivisionex">
        <test-method status="PASS" signature="Signin()[pri:0, instance:Execution.Viewdivisionex@12cc05a]" name="Signin" duration-ms="49160" started-at="2018-03-15T20:42:46Z" finished-at="2018-03-15T20:43:35Z">
          <reporter-output>
          </reporter-output>
        </test-method> <!-- Signin -->
      </class> <!-- Execution.Viewdivisionex -->
    </test> <!-- Test -->
  </suite> <!-- Suite -->
</testng-results>
