<?xml version="1.0" encoding="UTF-8"?>
<!-- Generated by org.testng.reporters.JUnitXMLReporter -->
<testsuite hostname="DESKTOP-78FCVLQ" ignored="0" name="Test" tests="3" failures="0" timestamp="15 Mar 2018 14:58:09 GMT" time="126.418" errors="0">
  <testcase name="Signin" time="39.674" classname="Execution.Homeex"/>
  <testcase name="Signin" time="41.952" classname="Execution.Viewproblemex"/>
  <testcase name="Signin" time="44.724" classname="Execution.Logoutex"/>
</testsuite> <!-- Test -->
